{"/Users/shitalrayamajhi/Documents/JavaScript-Shital/Projects/Vidly-project/vidly-backend/index.js": {"path":"/Users/shitalrayamajhi/Documents/JavaScript-Shital/Projects/Vidly-project/vidly-backend/index.js","statementMap":{"0":{"start":{"line":1,"column":16},"end":{"line":1,"column":34}},"1":{"start":{"line":2,"column":16},"end":{"line":2,"column":34}},"2":{"start":{"line":3,"column":12},"end":{"line":3,"column":21}},"3":{"start":{"line":5,"column":0},"end":{"line":5,"column":31}},"4":{"start":{"line":6,"column":0},"end":{"line":6,"column":33}},"5":{"start":{"line":7,"column":0},"end":{"line":7,"column":26}},"6":{"start":{"line":8,"column":0},"end":{"line":8,"column":30}},"7":{"start":{"line":9,"column":0},"end":{"line":9,"column":34}},"8":{"start":{"line":16,"column":13},"end":{"line":16,"column":37}},"9":{"start":{"line":17,"column":15},"end":{"line":19,"column":1}},"10":{"start":{"line":18,"column":2},"end":{"line":18,"column":45}},"11":{"start":{"line":21,"column":0},"end":{"line":21,"column":24}}},"fnMap":{"0":{"name":"(anonymous_0)","decl":{"start":{"line":17,"column":32},"end":{"line":17,"column":33}},"loc":{"start":{"line":18,"column":2},"end":{"line":18,"column":45}},"line":18}},"branchMap":{"0":{"loc":{"start":{"line":16,"column":13},"end":{"line":16,"column":37}},"type":"binary-expr","locations":[{"start":{"line":16,"column":13},"end":{"line":16,"column":29}},{"start":{"line":16,"column":33},"end":{"line":16,"column":37}}],"line":16}},"s":{"0":3,"1":3,"2":3,"3":3,"4":3,"5":3,"6":3,"7":3,"8":3,"9":3,"10":3,"11":3},"f":{"0":3},"b":{"0":[3,3]},"_coverageSchema":"1a1c01bbd47fc00a2c39e90264f33305004495a9","hash":"8ecc56cf0af442c7f969bda49ac4a1ad1ff00759"}
,"/Users/shitalrayamajhi/Documents/JavaScript-Shital/Projects/Vidly-project/vidly-backend/middleware/admin.js": {"path":"/Users/shitalrayamajhi/Documents/JavaScript-Shital/Projects/Vidly-project/vidly-backend/middleware/admin.js","statementMap":{"0":{"start":{"line":1,"column":0},"end":{"line":7,"column":2}},"1":{"start":{"line":5,"column":2},"end":{"line":5,"column":70}},"2":{"start":{"line":5,"column":25},"end":{"line":5,"column":70}},"3":{"start":{"line":6,"column":2},"end":{"line":6,"column":9}}},"fnMap":{"0":{"name":"(anonymous_0)","decl":{"start":{"line":1,"column":17},"end":{"line":1,"column":18}},"loc":{"start":{"line":1,"column":43},"end":{"line":7,"column":1}},"line":1}},"branchMap":{"0":{"loc":{"start":{"line":5,"column":2},"end":{"line":5,"column":70}},"type":"if","locations":[{"start":{"line":5,"column":2},"end":{"line":5,"column":70}},{"start":{},"end":{}}],"line":5}},"s":{"0":3,"1":0,"2":0,"3":0},"f":{"0":0},"b":{"0":[0,0]},"_coverageSchema":"1a1c01bbd47fc00a2c39e90264f33305004495a9","hash":"d35c75b68749954bcd5202f1758b5c101edbd0b1"}
,"/Users/shitalrayamajhi/Documents/JavaScript-Shital/Projects/Vidly-project/vidly-backend/middleware/auth.js": {"path":"/Users/shitalrayamajhi/Documents/JavaScript-Shital/Projects/Vidly-project/vidly-backend/middleware/auth.js","statementMap":{"0":{"start":{"line":1,"column":12},"end":{"line":1,"column":35}},"1":{"start":{"line":2,"column":15},"end":{"line":2,"column":32}},"2":{"start":{"line":3,"column":0},"end":{"line":13,"column":2}},"3":{"start":{"line":4,"column":16},"end":{"line":4,"column":42}},"4":{"start":{"line":5,"column":2},"end":{"line":5,"column":78}},"5":{"start":{"line":5,"column":14},"end":{"line":5,"column":78}},"6":{"start":{"line":6,"column":2},"end":{"line":12,"column":3}},"7":{"start":{"line":7,"column":20},"end":{"line":7,"column":66}},"8":{"start":{"line":8,"column":4},"end":{"line":8,"column":23}},"9":{"start":{"line":9,"column":4},"end":{"line":9,"column":11}},"10":{"start":{"line":11,"column":4},"end":{"line":11,"column":43}}},"fnMap":{"0":{"name":"(anonymous_0)","decl":{"start":{"line":3,"column":17},"end":{"line":3,"column":18}},"loc":{"start":{"line":3,"column":43},"end":{"line":13,"column":1}},"line":3}},"branchMap":{"0":{"loc":{"start":{"line":5,"column":2},"end":{"line":5,"column":78}},"type":"if","locations":[{"start":{"line":5,"column":2},"end":{"line":5,"column":78}},{"start":{},"end":{}}],"line":5}},"s":{"0":3,"1":3,"2":3,"3":17,"4":17,"5":2,"6":15,"7":15,"8":14,"9":14,"10":1},"f":{"0":17},"b":{"0":[2,15]},"_coverageSchema":"1a1c01bbd47fc00a2c39e90264f33305004495a9","hash":"6834d3b1e33b9865a11f9f88fc82c9078d1e1ef5"}
,"/Users/shitalrayamajhi/Documents/JavaScript-Shital/Projects/Vidly-project/vidly-backend/middleware/error.js": {"path":"/Users/shitalrayamajhi/Documents/JavaScript-Shital/Projects/Vidly-project/vidly-backend/middleware/error.js","statementMap":{"0":{"start":{"line":1,"column":16},"end":{"line":1,"column":34}},"1":{"start":{"line":2,"column":0},"end":{"line":14,"column":2}},"2":{"start":{"line":4,"column":2},"end":{"line":4,"column":35}},"3":{"start":{"line":13,"column":2},"end":{"line":13,"column":44}}},"fnMap":{"0":{"name":"(anonymous_0)","decl":{"start":{"line":2,"column":17},"end":{"line":2,"column":18}},"loc":{"start":{"line":2,"column":47},"end":{"line":14,"column":1}},"line":2}},"branchMap":{},"s":{"0":3,"1":3,"2":11,"3":11},"f":{"0":11},"b":{},"_coverageSchema":"1a1c01bbd47fc00a2c39e90264f33305004495a9","hash":"67bc80813674cfec669b89ecb75b832378e4731e"}
,"/Users/shitalrayamajhi/Documents/JavaScript-Shital/Projects/Vidly-project/vidly-backend/middleware/validate.js": {"path":"/Users/shitalrayamajhi/Documents/JavaScript-Shital/Projects/Vidly-project/vidly-backend/middleware/validate.js","statementMap":{"0":{"start":{"line":3,"column":0},"end":{"line":9,"column":4}},"1":{"start":{"line":4,"column":4},"end":{"line":8,"column":6}},"2":{"start":{"line":5,"column":24},"end":{"line":5,"column":48}},"3":{"start":{"line":6,"column":6},"end":{"line":6,"column":71}},"4":{"start":{"line":6,"column":17},"end":{"line":6,"column":71}},"5":{"start":{"line":7,"column":6},"end":{"line":7,"column":12}}},"fnMap":{"0":{"name":"(anonymous_0)","decl":{"start":{"line":3,"column":17},"end":{"line":3,"column":18}},"loc":{"start":{"line":3,"column":32},"end":{"line":9,"column":3}},"line":3},"1":{"name":"(anonymous_1)","decl":{"start":{"line":4,"column":11},"end":{"line":4,"column":12}},"loc":{"start":{"line":4,"column":31},"end":{"line":8,"column":5}},"line":4}},"branchMap":{"0":{"loc":{"start":{"line":6,"column":6},"end":{"line":6,"column":71}},"type":"if","locations":[{"start":{"line":6,"column":6},"end":{"line":6,"column":71}},{"start":{},"end":{}}],"line":6}},"s":{"0":3,"1":3,"2":9,"3":0,"4":0,"5":0},"f":{"0":3,"1":9},"b":{"0":[0,0]},"_coverageSchema":"1a1c01bbd47fc00a2c39e90264f33305004495a9","hash":"414f4df06809053c5404e9477b160236784e0407"}
,"/Users/shitalrayamajhi/Documents/JavaScript-Shital/Projects/Vidly-project/vidly-backend/middleware/validateObjectId.js": {"path":"/Users/shitalrayamajhi/Documents/JavaScript-Shital/Projects/Vidly-project/vidly-backend/middleware/validateObjectId.js","statementMap":{"0":{"start":{"line":1,"column":17},"end":{"line":1,"column":36}},"1":{"start":{"line":2,"column":0},"end":{"line":7,"column":2}},"2":{"start":{"line":3,"column":2},"end":{"line":4,"column":47}},"3":{"start":{"line":4,"column":4},"end":{"line":4,"column":47}},"4":{"start":{"line":6,"column":2},"end":{"line":6,"column":9}}},"fnMap":{"0":{"name":"(anonymous_0)","decl":{"start":{"line":2,"column":17},"end":{"line":2,"column":18}},"loc":{"start":{"line":2,"column":43},"end":{"line":7,"column":1}},"line":2}},"branchMap":{"0":{"loc":{"start":{"line":3,"column":2},"end":{"line":4,"column":47}},"type":"if","locations":[{"start":{"line":3,"column":2},"end":{"line":4,"column":47}},{"start":{},"end":{}}],"line":3}},"s":{"0":3,"1":3,"2":1,"3":1,"4":0},"f":{"0":1},"b":{"0":[1,0]},"_coverageSchema":"1a1c01bbd47fc00a2c39e90264f33305004495a9","hash":"3c097687486a5ce2b59f813a523277ae670a6ffa"}
,"/Users/shitalrayamajhi/Documents/JavaScript-Shital/Projects/Vidly-project/vidly-backend/models/customer.js": {"path":"/Users/shitalrayamajhi/Documents/JavaScript-Shital/Projects/Vidly-project/vidly-backend/models/customer.js","statementMap":{"0":{"start":{"line":1,"column":12},"end":{"line":1,"column":26}},"1":{"start":{"line":2,"column":17},"end":{"line":2,"column":36}},"2":{"start":{"line":3,"column":17},"end":{"line":20,"column":3}},"3":{"start":{"line":23,"column":19},"end":{"line":27,"column":6}},"4":{"start":{"line":29,"column":4},"end":{"line":29,"column":37}},"5":{"start":{"line":32,"column":0},"end":{"line":32,"column":28}},"6":{"start":{"line":33,"column":0},"end":{"line":33,"column":36}}},"fnMap":{"0":{"name":"validateCustomer","decl":{"start":{"line":22,"column":9},"end":{"line":22,"column":25}},"loc":{"start":{"line":22,"column":36},"end":{"line":30,"column":3}},"line":22}},"branchMap":{},"s":{"0":3,"1":3,"2":3,"3":0,"4":0,"5":3,"6":3},"f":{"0":0},"b":{},"_coverageSchema":"1a1c01bbd47fc00a2c39e90264f33305004495a9","hash":"ac3e246738619a92776ef5ecbea7a9df7b50b38f"}
,"/Users/shitalrayamajhi/Documents/JavaScript-Shital/Projects/Vidly-project/vidly-backend/models/genre.js": {"path":"/Users/shitalrayamajhi/Documents/JavaScript-Shital/Projects/Vidly-project/vidly-backend/models/genre.js","statementMap":{"0":{"start":{"line":1,"column":12},"end":{"line":1,"column":26}},"1":{"start":{"line":2,"column":17},"end":{"line":2,"column":36}},"2":{"start":{"line":3,"column":20},"end":{"line":10,"column":2}},"3":{"start":{"line":11,"column":14},"end":{"line":11,"column":50}},"4":{"start":{"line":14,"column":17},"end":{"line":16,"column":4}},"5":{"start":{"line":18,"column":2},"end":{"line":18,"column":32}},"6":{"start":{"line":21,"column":0},"end":{"line":21,"column":34}},"7":{"start":{"line":22,"column":0},"end":{"line":22,"column":22}},"8":{"start":{"line":23,"column":0},"end":{"line":23,"column":33}}},"fnMap":{"0":{"name":"validateGenre","decl":{"start":{"line":13,"column":9},"end":{"line":13,"column":22}},"loc":{"start":{"line":13,"column":30},"end":{"line":19,"column":1}},"line":13}},"branchMap":{},"s":{"0":3,"1":3,"2":3,"3":3,"4":12,"5":12,"6":3,"7":3,"8":3},"f":{"0":12},"b":{},"_coverageSchema":"1a1c01bbd47fc00a2c39e90264f33305004495a9","hash":"231c5c5ca333bb496482e02a678142b4c8eb1390"}
,"/Users/shitalrayamajhi/Documents/JavaScript-Shital/Projects/Vidly-project/vidly-backend/models/movie.js": {"path":"/Users/shitalrayamajhi/Documents/JavaScript-Shital/Projects/Vidly-project/vidly-backend/models/movie.js","statementMap":{"0":{"start":{"line":1,"column":12},"end":{"line":1,"column":26}},"1":{"start":{"line":2,"column":17},"end":{"line":2,"column":36}},"2":{"start":{"line":3,"column":24},"end":{"line":3,"column":42}},"3":{"start":{"line":5,"column":14},"end":{"line":32,"column":1}},"4":{"start":{"line":35,"column":17},"end":{"line":40,"column":4}},"5":{"start":{"line":42,"column":2},"end":{"line":42,"column":32}},"6":{"start":{"line":45,"column":0},"end":{"line":45,"column":22}},"7":{"start":{"line":46,"column":0},"end":{"line":46,"column":33}}},"fnMap":{"0":{"name":"validateMovie","decl":{"start":{"line":34,"column":9},"end":{"line":34,"column":22}},"loc":{"start":{"line":34,"column":30},"end":{"line":43,"column":1}},"line":34}},"branchMap":{},"s":{"0":3,"1":3,"2":3,"3":3,"4":0,"5":0,"6":3,"7":3},"f":{"0":0},"b":{},"_coverageSchema":"1a1c01bbd47fc00a2c39e90264f33305004495a9","hash":"edf1d88ff50da737e1ac0b7ce6e197da13bce34d"}
,"/Users/shitalrayamajhi/Documents/JavaScript-Shital/Projects/Vidly-project/vidly-backend/models/rental.js": {"path":"/Users/shitalrayamajhi/Documents/JavaScript-Shital/Projects/Vidly-project/vidly-backend/models/rental.js","statementMap":{"0":{"start":{"line":1,"column":15},"end":{"line":1,"column":32}},"1":{"start":{"line":2,"column":12},"end":{"line":2,"column":26}},"2":{"start":{"line":3,"column":17},"end":{"line":3,"column":36}},"3":{"start":{"line":5,"column":21},"end":{"line":58,"column":2}},"4":{"start":{"line":60,"column":0},"end":{"line":65,"column":1}},"5":{"start":{"line":61,"column":2},"end":{"line":64,"column":5}},"6":{"start":{"line":67,"column":0},"end":{"line":72,"column":1}},"7":{"start":{"line":68,"column":2},"end":{"line":68,"column":33}},"8":{"start":{"line":70,"column":21},"end":{"line":70,"column":56}},"9":{"start":{"line":71,"column":2},"end":{"line":71,"column":59}},"10":{"start":{"line":74,"column":15},"end":{"line":74,"column":53}},"11":{"start":{"line":77,"column":17},"end":{"line":80,"column":4}},"12":{"start":{"line":82,"column":2},"end":{"line":82,"column":33}},"13":{"start":{"line":85,"column":0},"end":{"line":85,"column":24}},"14":{"start":{"line":86,"column":0},"end":{"line":86,"column":34}}},"fnMap":{"0":{"name":"(anonymous_0)","decl":{"start":{"line":60,"column":30},"end":{"line":60,"column":31}},"loc":{"start":{"line":60,"column":60},"end":{"line":65,"column":1}},"line":60},"1":{"name":"(anonymous_1)","decl":{"start":{"line":67,"column":30},"end":{"line":67,"column":31}},"loc":{"start":{"line":67,"column":41},"end":{"line":72,"column":1}},"line":67},"2":{"name":"validateRental","decl":{"start":{"line":76,"column":9},"end":{"line":76,"column":23}},"loc":{"start":{"line":76,"column":32},"end":{"line":83,"column":1}},"line":76}},"branchMap":{},"s":{"0":3,"1":3,"2":3,"3":3,"4":3,"5":0,"6":3,"7":0,"8":0,"9":0,"10":3,"11":0,"12":0,"13":3,"14":3},"f":{"0":0,"1":0,"2":0},"b":{},"_coverageSchema":"1a1c01bbd47fc00a2c39e90264f33305004495a9","hash":"bc23af5f198558758932bb9f965894df5fa0991f"}
,"/Users/shitalrayamajhi/Documents/JavaScript-Shital/Projects/Vidly-project/vidly-backend/models/user.js": {"path":"/Users/shitalrayamajhi/Documents/JavaScript-Shital/Projects/Vidly-project/vidly-backend/models/user.js","statementMap":{"0":{"start":{"line":1,"column":15},"end":{"line":1,"column":32}},"1":{"start":{"line":2,"column":12},"end":{"line":2,"column":35}},"2":{"start":{"line":3,"column":12},"end":{"line":3,"column":26}},"3":{"start":{"line":4,"column":17},"end":{"line":4,"column":36}},"4":{"start":{"line":6,"column":19},"end":{"line":29,"column":2}},"5":{"start":{"line":31,"column":0},"end":{"line":37,"column":2}},"6":{"start":{"line":32,"column":16},"end":{"line":35,"column":3}},"7":{"start":{"line":36,"column":2},"end":{"line":36,"column":15}},"8":{"start":{"line":39,"column":13},"end":{"line":39,"column":47}},"9":{"start":{"line":42,"column":17},"end":{"line":46,"column":4}},"10":{"start":{"line":48,"column":2},"end":{"line":48,"column":31}},"11":{"start":{"line":51,"column":0},"end":{"line":51,"column":20}},"12":{"start":{"line":52,"column":0},"end":{"line":52,"column":32}}},"fnMap":{"0":{"name":"(anonymous_0)","decl":{"start":{"line":31,"column":39},"end":{"line":31,"column":40}},"loc":{"start":{"line":31,"column":51},"end":{"line":37,"column":1}},"line":31},"1":{"name":"validateUser","decl":{"start":{"line":41,"column":9},"end":{"line":41,"column":21}},"loc":{"start":{"line":41,"column":28},"end":{"line":49,"column":1}},"line":41}},"branchMap":{},"s":{"0":4,"1":4,"2":4,"3":4,"4":4,"5":4,"6":32,"7":32,"8":4,"9":0,"10":0,"11":4,"12":4},"f":{"0":32,"1":0},"b":{},"_coverageSchema":"1a1c01bbd47fc00a2c39e90264f33305004495a9","hash":"8dd455207e88fcd23bb2e145e036d6ae4ba9370b"}
,"/Users/shitalrayamajhi/Documents/JavaScript-Shital/Projects/Vidly-project/vidly-backend/routes/auth.js": {"path":"/Users/shitalrayamajhi/Documents/JavaScript-Shital/Projects/Vidly-project/vidly-backend/routes/auth.js","statementMap":{"0":{"start":{"line":2,"column":12},"end":{"line":2,"column":26}},"1":{"start":{"line":3,"column":15},"end":{"line":3,"column":32}},"2":{"start":{"line":4,"column":10},"end":{"line":4,"column":27}},"3":{"start":{"line":5,"column":17},"end":{"line":5,"column":42}},"4":{"start":{"line":6,"column":17},"end":{"line":6,"column":36}},"5":{"start":{"line":7,"column":16},"end":{"line":7,"column":34}},"6":{"start":{"line":8,"column":15},"end":{"line":8,"column":31}},"7":{"start":{"line":10,"column":0},"end":{"line":26,"column":3}},"8":{"start":{"line":11,"column":20},"end":{"line":11,"column":38}},"9":{"start":{"line":12,"column":2},"end":{"line":12,"column":67}},"10":{"start":{"line":12,"column":13},"end":{"line":12,"column":67}},"11":{"start":{"line":14,"column":13},"end":{"line":14,"column":58}},"12":{"start":{"line":15,"column":2},"end":{"line":15,"column":71}},"13":{"start":{"line":15,"column":13},"end":{"line":15,"column":71}},"14":{"start":{"line":19,"column":24},"end":{"line":19,"column":78}},"15":{"start":{"line":20,"column":2},"end":{"line":20,"column":80}},"16":{"start":{"line":20,"column":22},"end":{"line":20,"column":80}},"17":{"start":{"line":23,"column":16},"end":{"line":23,"column":40}},"18":{"start":{"line":25,"column":2},"end":{"line":25,"column":18}},"19":{"start":{"line":29,"column":17},"end":{"line":32,"column":4}},"20":{"start":{"line":34,"column":2},"end":{"line":34,"column":30}},"21":{"start":{"line":37,"column":0},"end":{"line":37,"column":24}}},"fnMap":{"0":{"name":"(anonymous_0)","decl":{"start":{"line":10,"column":17},"end":{"line":10,"column":18}},"loc":{"start":{"line":10,"column":37},"end":{"line":26,"column":1}},"line":10},"1":{"name":"validate","decl":{"start":{"line":28,"column":9},"end":{"line":28,"column":17}},"loc":{"start":{"line":28,"column":23},"end":{"line":35,"column":1}},"line":28}},"branchMap":{"0":{"loc":{"start":{"line":12,"column":2},"end":{"line":12,"column":67}},"type":"if","locations":[{"start":{"line":12,"column":2},"end":{"line":12,"column":67}},{"start":{},"end":{}}],"line":12},"1":{"loc":{"start":{"line":15,"column":2},"end":{"line":15,"column":71}},"type":"if","locations":[{"start":{"line":15,"column":2},"end":{"line":15,"column":71}},{"start":{},"end":{}}],"line":15},"2":{"loc":{"start":{"line":20,"column":2},"end":{"line":20,"column":80}},"type":"if","locations":[{"start":{"line":20,"column":2},"end":{"line":20,"column":80}},{"start":{},"end":{}}],"line":20}},"s":{"0":3,"1":3,"2":3,"3":3,"4":3,"5":3,"6":3,"7":3,"8":0,"9":0,"10":0,"11":0,"12":0,"13":0,"14":0,"15":0,"16":0,"17":0,"18":0,"19":0,"20":0,"21":3},"f":{"0":0,"1":0},"b":{"0":[0,0],"1":[0,0],"2":[0,0]},"_coverageSchema":"1a1c01bbd47fc00a2c39e90264f33305004495a9","hash":"c1d300bf1d8e574a02a7691d2f0747d93207d0ce"}
,"/Users/shitalrayamajhi/Documents/JavaScript-Shital/Projects/Vidly-project/vidly-backend/routes/customers.js": {"path":"/Users/shitalrayamajhi/Documents/JavaScript-Shital/Projects/Vidly-project/vidly-backend/routes/customers.js","statementMap":{"0":{"start":{"line":1,"column":31},"end":{"line":1,"column":60}},"1":{"start":{"line":2,"column":17},"end":{"line":2,"column":36}},"2":{"start":{"line":3,"column":16},"end":{"line":3,"column":34}},"3":{"start":{"line":4,"column":15},"end":{"line":4,"column":31}},"4":{"start":{"line":6,"column":0},"end":{"line":9,"column":3}},"5":{"start":{"line":7,"column":20},"end":{"line":7,"column":54}},"6":{"start":{"line":8,"column":2},"end":{"line":8,"column":22}},"7":{"start":{"line":11,"column":0},"end":{"line":23,"column":3}},"8":{"start":{"line":12,"column":20},"end":{"line":12,"column":38}},"9":{"start":{"line":13,"column":2},"end":{"line":13,"column":67}},"10":{"start":{"line":13,"column":13},"end":{"line":13,"column":67}},"11":{"start":{"line":15,"column":17},"end":{"line":19,"column":4}},"12":{"start":{"line":20,"column":2},"end":{"line":20,"column":35}},"13":{"start":{"line":22,"column":2},"end":{"line":22,"column":21}},"14":{"start":{"line":25,"column":0},"end":{"line":45,"column":3}},"15":{"start":{"line":26,"column":20},"end":{"line":26,"column":38}},"16":{"start":{"line":27,"column":2},"end":{"line":27,"column":67}},"17":{"start":{"line":27,"column":13},"end":{"line":27,"column":67}},"18":{"start":{"line":29,"column":19},"end":{"line":37,"column":3}},"19":{"start":{"line":39,"column":2},"end":{"line":42,"column":61}},"20":{"start":{"line":40,"column":4},"end":{"line":42,"column":61}},"21":{"start":{"line":44,"column":2},"end":{"line":44,"column":21}},"22":{"start":{"line":47,"column":0},"end":{"line":56,"column":3}},"23":{"start":{"line":48,"column":19},"end":{"line":48,"column":66}},"24":{"start":{"line":50,"column":2},"end":{"line":53,"column":61}},"25":{"start":{"line":51,"column":4},"end":{"line":53,"column":61}},"26":{"start":{"line":55,"column":2},"end":{"line":55,"column":21}},"27":{"start":{"line":58,"column":0},"end":{"line":67,"column":3}},"28":{"start":{"line":59,"column":19},"end":{"line":59,"column":57}},"29":{"start":{"line":61,"column":2},"end":{"line":64,"column":61}},"30":{"start":{"line":62,"column":4},"end":{"line":64,"column":61}},"31":{"start":{"line":66,"column":2},"end":{"line":66,"column":21}},"32":{"start":{"line":69,"column":0},"end":{"line":69,"column":24}}},"fnMap":{"0":{"name":"(anonymous_0)","decl":{"start":{"line":6,"column":16},"end":{"line":6,"column":17}},"loc":{"start":{"line":6,"column":36},"end":{"line":9,"column":1}},"line":6},"1":{"name":"(anonymous_1)","decl":{"start":{"line":11,"column":17},"end":{"line":11,"column":18}},"loc":{"start":{"line":11,"column":37},"end":{"line":23,"column":1}},"line":11},"2":{"name":"(anonymous_2)","decl":{"start":{"line":25,"column":19},"end":{"line":25,"column":20}},"loc":{"start":{"line":25,"column":39},"end":{"line":45,"column":1}},"line":25},"3":{"name":"(anonymous_3)","decl":{"start":{"line":47,"column":22},"end":{"line":47,"column":23}},"loc":{"start":{"line":47,"column":42},"end":{"line":56,"column":1}},"line":47},"4":{"name":"(anonymous_4)","decl":{"start":{"line":58,"column":19},"end":{"line":58,"column":20}},"loc":{"start":{"line":58,"column":39},"end":{"line":67,"column":1}},"line":58}},"branchMap":{"0":{"loc":{"start":{"line":13,"column":2},"end":{"line":13,"column":67}},"type":"if","locations":[{"start":{"line":13,"column":2},"end":{"line":13,"column":67}},{"start":{},"end":{}}],"line":13},"1":{"loc":{"start":{"line":27,"column":2},"end":{"line":27,"column":67}},"type":"if","locations":[{"start":{"line":27,"column":2},"end":{"line":27,"column":67}},{"start":{},"end":{}}],"line":27},"2":{"loc":{"start":{"line":39,"column":2},"end":{"line":42,"column":61}},"type":"if","locations":[{"start":{"line":39,"column":2},"end":{"line":42,"column":61}},{"start":{},"end":{}}],"line":39},"3":{"loc":{"start":{"line":50,"column":2},"end":{"line":53,"column":61}},"type":"if","locations":[{"start":{"line":50,"column":2},"end":{"line":53,"column":61}},{"start":{},"end":{}}],"line":50},"4":{"loc":{"start":{"line":61,"column":2},"end":{"line":64,"column":61}},"type":"if","locations":[{"start":{"line":61,"column":2},"end":{"line":64,"column":61}},{"start":{},"end":{}}],"line":61}},"s":{"0":3,"1":3,"2":3,"3":3,"4":3,"5":0,"6":0,"7":3,"8":0,"9":0,"10":0,"11":0,"12":0,"13":0,"14":3,"15":0,"16":0,"17":0,"18":0,"19":0,"20":0,"21":0,"22":3,"23":0,"24":0,"25":0,"26":0,"27":3,"28":0,"29":0,"30":0,"31":0,"32":3},"f":{"0":0,"1":0,"2":0,"3":0,"4":0},"b":{"0":[0,0],"1":[0,0],"2":[0,0],"3":[0,0],"4":[0,0]},"_coverageSchema":"1a1c01bbd47fc00a2c39e90264f33305004495a9","hash":"3acf1d0e5f8c7f3e01a3328ba12a4c0b6ee029ec"}
,"/Users/shitalrayamajhi/Documents/JavaScript-Shital/Projects/Vidly-project/vidly-backend/routes/genres.js": {"path":"/Users/shitalrayamajhi/Documents/JavaScript-Shital/Projects/Vidly-project/vidly-backend/routes/genres.js","statementMap":{"0":{"start":{"line":1,"column":25},"end":{"line":1,"column":66}},"1":{"start":{"line":2,"column":14},"end":{"line":2,"column":44}},"2":{"start":{"line":3,"column":13},"end":{"line":3,"column":42}},"3":{"start":{"line":4,"column":28},"end":{"line":4,"column":54}},"4":{"start":{"line":5,"column":17},"end":{"line":5,"column":36}},"5":{"start":{"line":6,"column":16},"end":{"line":6,"column":34}},"6":{"start":{"line":7,"column":15},"end":{"line":7,"column":31}},"7":{"start":{"line":9,"column":0},"end":{"line":13,"column":3}},"8":{"start":{"line":10,"column":17},"end":{"line":10,"column":48}},"9":{"start":{"line":11,"column":2},"end":{"line":11,"column":19}},"10":{"start":{"line":12,"column":2},"end":{"line":12,"column":43}},"11":{"start":{"line":15,"column":0},"end":{"line":23,"column":3}},"12":{"start":{"line":16,"column":20},"end":{"line":16,"column":38}},"13":{"start":{"line":17,"column":2},"end":{"line":17,"column":67}},"14":{"start":{"line":17,"column":13},"end":{"line":17,"column":67}},"15":{"start":{"line":19,"column":14},"end":{"line":19,"column":48}},"16":{"start":{"line":20,"column":2},"end":{"line":20,"column":29}},"17":{"start":{"line":22,"column":2},"end":{"line":22,"column":18}},"18":{"start":{"line":25,"column":0},"end":{"line":41,"column":3}},"19":{"start":{"line":26,"column":20},"end":{"line":26,"column":38}},"20":{"start":{"line":27,"column":2},"end":{"line":27,"column":67}},"21":{"start":{"line":27,"column":13},"end":{"line":27,"column":67}},"22":{"start":{"line":29,"column":16},"end":{"line":35,"column":3}},"23":{"start":{"line":37,"column":2},"end":{"line":38,"column":78}},"24":{"start":{"line":38,"column":4},"end":{"line":38,"column":78}},"25":{"start":{"line":40,"column":2},"end":{"line":40,"column":18}},"26":{"start":{"line":43,"column":0},"end":{"line":50,"column":3}},"27":{"start":{"line":44,"column":16},"end":{"line":44,"column":60}},"28":{"start":{"line":46,"column":2},"end":{"line":47,"column":78}},"29":{"start":{"line":47,"column":4},"end":{"line":47,"column":78}},"30":{"start":{"line":49,"column":2},"end":{"line":49,"column":18}},"31":{"start":{"line":52,"column":0},"end":{"line":59,"column":3}},"32":{"start":{"line":53,"column":16},"end":{"line":53,"column":51}},"33":{"start":{"line":55,"column":2},"end":{"line":56,"column":78}},"34":{"start":{"line":56,"column":4},"end":{"line":56,"column":78}},"35":{"start":{"line":58,"column":2},"end":{"line":58,"column":18}},"36":{"start":{"line":61,"column":0},"end":{"line":61,"column":24}}},"fnMap":{"0":{"name":"(anonymous_0)","decl":{"start":{"line":9,"column":16},"end":{"line":9,"column":17}},"loc":{"start":{"line":9,"column":36},"end":{"line":13,"column":1}},"line":9},"1":{"name":"(anonymous_1)","decl":{"start":{"line":15,"column":23},"end":{"line":15,"column":24}},"loc":{"start":{"line":15,"column":43},"end":{"line":23,"column":1}},"line":15},"2":{"name":"(anonymous_2)","decl":{"start":{"line":25,"column":19},"end":{"line":25,"column":20}},"loc":{"start":{"line":25,"column":39},"end":{"line":41,"column":1}},"line":25},"3":{"name":"(anonymous_3)","decl":{"start":{"line":43,"column":37},"end":{"line":43,"column":38}},"loc":{"start":{"line":43,"column":57},"end":{"line":50,"column":1}},"line":43},"4":{"name":"(anonymous_4)","decl":{"start":{"line":52,"column":37},"end":{"line":52,"column":38}},"loc":{"start":{"line":52,"column":57},"end":{"line":59,"column":1}},"line":52}},"branchMap":{"0":{"loc":{"start":{"line":17,"column":2},"end":{"line":17,"column":67}},"type":"if","locations":[{"start":{"line":17,"column":2},"end":{"line":17,"column":67}},{"start":{},"end":{}}],"line":17},"1":{"loc":{"start":{"line":27,"column":2},"end":{"line":27,"column":67}},"type":"if","locations":[{"start":{"line":27,"column":2},"end":{"line":27,"column":67}},{"start":{},"end":{}}],"line":27},"2":{"loc":{"start":{"line":37,"column":2},"end":{"line":38,"column":78}},"type":"if","locations":[{"start":{"line":37,"column":2},"end":{"line":38,"column":78}},{"start":{},"end":{}}],"line":37},"3":{"loc":{"start":{"line":46,"column":2},"end":{"line":47,"column":78}},"type":"if","locations":[{"start":{"line":46,"column":2},"end":{"line":47,"column":78}},{"start":{},"end":{}}],"line":46},"4":{"loc":{"start":{"line":55,"column":2},"end":{"line":56,"column":78}},"type":"if","locations":[{"start":{"line":55,"column":2},"end":{"line":56,"column":78}},{"start":{},"end":{}}],"line":55}},"s":{"0":3,"1":3,"2":3,"3":3,"4":3,"5":3,"6":3,"7":3,"8":1,"9":1,"10":1,"11":3,"12":5,"13":5,"14":2,"15":3,"16":3,"17":3,"18":3,"19":7,"20":7,"21":2,"22":5,"23":4,"24":1,"25":3,"26":3,"27":0,"28":0,"29":0,"30":0,"31":3,"32":0,"33":0,"34":0,"35":0,"36":3},"f":{"0":1,"1":5,"2":7,"3":0,"4":0},"b":{"0":[2,3],"1":[2,5],"2":[1,3],"3":[0,0],"4":[0,0]},"_coverageSchema":"1a1c01bbd47fc00a2c39e90264f33305004495a9","hash":"a4d96d53b8266526a1c28b4ff62f7feef9c933c4"}
,"/Users/shitalrayamajhi/Documents/JavaScript-Shital/Projects/Vidly-project/vidly-backend/routes/movies.js": {"path":"/Users/shitalrayamajhi/Documents/JavaScript-Shital/Projects/Vidly-project/vidly-backend/routes/movies.js","statementMap":{"0":{"start":{"line":1,"column":28},"end":{"line":1,"column":54}},"1":{"start":{"line":2,"column":18},"end":{"line":2,"column":44}},"2":{"start":{"line":3,"column":17},"end":{"line":3,"column":36}},"3":{"start":{"line":4,"column":16},"end":{"line":4,"column":34}},"4":{"start":{"line":5,"column":15},"end":{"line":5,"column":31}},"5":{"start":{"line":7,"column":0},"end":{"line":10,"column":3}},"6":{"start":{"line":8,"column":17},"end":{"line":8,"column":48}},"7":{"start":{"line":9,"column":2},"end":{"line":9,"column":19}},"8":{"start":{"line":12,"column":0},"end":{"line":31,"column":3}},"9":{"start":{"line":13,"column":20},"end":{"line":13,"column":38}},"10":{"start":{"line":14,"column":2},"end":{"line":14,"column":67}},"11":{"start":{"line":14,"column":13},"end":{"line":14,"column":67}},"12":{"start":{"line":16,"column":16},"end":{"line":16,"column":54}},"13":{"start":{"line":17,"column":2},"end":{"line":17,"column":60}},"14":{"start":{"line":17,"column":14},"end":{"line":17,"column":60}},"15":{"start":{"line":19,"column":16},"end":{"line":27,"column":4}},"16":{"start":{"line":28,"column":2},"end":{"line":28,"column":15}},"17":{"start":{"line":30,"column":2},"end":{"line":30,"column":18}},"18":{"start":{"line":33,"column":0},"end":{"line":58,"column":3}},"19":{"start":{"line":34,"column":20},"end":{"line":34,"column":38}},"20":{"start":{"line":35,"column":2},"end":{"line":35,"column":67}},"21":{"start":{"line":35,"column":13},"end":{"line":35,"column":67}},"22":{"start":{"line":37,"column":16},"end":{"line":37,"column":54}},"23":{"start":{"line":38,"column":2},"end":{"line":38,"column":60}},"24":{"start":{"line":38,"column":14},"end":{"line":38,"column":60}},"25":{"start":{"line":40,"column":16},"end":{"line":52,"column":3}},"26":{"start":{"line":54,"column":2},"end":{"line":55,"column":78}},"27":{"start":{"line":55,"column":4},"end":{"line":55,"column":78}},"28":{"start":{"line":57,"column":2},"end":{"line":57,"column":18}},"29":{"start":{"line":60,"column":0},"end":{"line":67,"column":3}},"30":{"start":{"line":61,"column":16},"end":{"line":61,"column":60}},"31":{"start":{"line":63,"column":2},"end":{"line":64,"column":78}},"32":{"start":{"line":64,"column":4},"end":{"line":64,"column":78}},"33":{"start":{"line":66,"column":2},"end":{"line":66,"column":18}},"34":{"start":{"line":69,"column":0},"end":{"line":76,"column":3}},"35":{"start":{"line":70,"column":16},"end":{"line":70,"column":51}},"36":{"start":{"line":72,"column":2},"end":{"line":73,"column":78}},"37":{"start":{"line":73,"column":4},"end":{"line":73,"column":78}},"38":{"start":{"line":75,"column":2},"end":{"line":75,"column":18}},"39":{"start":{"line":78,"column":0},"end":{"line":78,"column":24}}},"fnMap":{"0":{"name":"(anonymous_0)","decl":{"start":{"line":7,"column":16},"end":{"line":7,"column":17}},"loc":{"start":{"line":7,"column":36},"end":{"line":10,"column":1}},"line":7},"1":{"name":"(anonymous_1)","decl":{"start":{"line":12,"column":17},"end":{"line":12,"column":18}},"loc":{"start":{"line":12,"column":37},"end":{"line":31,"column":1}},"line":12},"2":{"name":"(anonymous_2)","decl":{"start":{"line":33,"column":19},"end":{"line":33,"column":20}},"loc":{"start":{"line":33,"column":39},"end":{"line":58,"column":1}},"line":33},"3":{"name":"(anonymous_3)","decl":{"start":{"line":60,"column":22},"end":{"line":60,"column":23}},"loc":{"start":{"line":60,"column":42},"end":{"line":67,"column":1}},"line":60},"4":{"name":"(anonymous_4)","decl":{"start":{"line":69,"column":19},"end":{"line":69,"column":20}},"loc":{"start":{"line":69,"column":39},"end":{"line":76,"column":1}},"line":69}},"branchMap":{"0":{"loc":{"start":{"line":14,"column":2},"end":{"line":14,"column":67}},"type":"if","locations":[{"start":{"line":14,"column":2},"end":{"line":14,"column":67}},{"start":{},"end":{}}],"line":14},"1":{"loc":{"start":{"line":17,"column":2},"end":{"line":17,"column":60}},"type":"if","locations":[{"start":{"line":17,"column":2},"end":{"line":17,"column":60}},{"start":{},"end":{}}],"line":17},"2":{"loc":{"start":{"line":35,"column":2},"end":{"line":35,"column":67}},"type":"if","locations":[{"start":{"line":35,"column":2},"end":{"line":35,"column":67}},{"start":{},"end":{}}],"line":35},"3":{"loc":{"start":{"line":38,"column":2},"end":{"line":38,"column":60}},"type":"if","locations":[{"start":{"line":38,"column":2},"end":{"line":38,"column":60}},{"start":{},"end":{}}],"line":38},"4":{"loc":{"start":{"line":54,"column":2},"end":{"line":55,"column":78}},"type":"if","locations":[{"start":{"line":54,"column":2},"end":{"line":55,"column":78}},{"start":{},"end":{}}],"line":54},"5":{"loc":{"start":{"line":63,"column":2},"end":{"line":64,"column":78}},"type":"if","locations":[{"start":{"line":63,"column":2},"end":{"line":64,"column":78}},{"start":{},"end":{}}],"line":63},"6":{"loc":{"start":{"line":72,"column":2},"end":{"line":73,"column":78}},"type":"if","locations":[{"start":{"line":72,"column":2},"end":{"line":73,"column":78}},{"start":{},"end":{}}],"line":72}},"s":{"0":3,"1":3,"2":3,"3":3,"4":3,"5":3,"6":0,"7":0,"8":3,"9":0,"10":0,"11":0,"12":0,"13":0,"14":0,"15":0,"16":0,"17":0,"18":3,"19":0,"20":0,"21":0,"22":0,"23":0,"24":0,"25":0,"26":0,"27":0,"28":0,"29":3,"30":0,"31":0,"32":0,"33":0,"34":3,"35":0,"36":0,"37":0,"38":0,"39":3},"f":{"0":0,"1":0,"2":0,"3":0,"4":0},"b":{"0":[0,0],"1":[0,0],"2":[0,0],"3":[0,0],"4":[0,0],"5":[0,0],"6":[0,0]},"_coverageSchema":"1a1c01bbd47fc00a2c39e90264f33305004495a9","hash":"579c3013741345c57b901826ae364be862852a54"}
,"/Users/shitalrayamajhi/Documents/JavaScript-Shital/Projects/Vidly-project/vidly-backend/routes/rentals.js": {"path":"/Users/shitalrayamajhi/Documents/JavaScript-Shital/Projects/Vidly-project/vidly-backend/routes/rentals.js","statementMap":{"0":{"start":{"line":1,"column":29},"end":{"line":1,"column":56}},"1":{"start":{"line":2,"column":18},"end":{"line":2,"column":44}},"2":{"start":{"line":3,"column":21},"end":{"line":3,"column":50}},"3":{"start":{"line":4,"column":17},"end":{"line":4,"column":36}},"4":{"start":{"line":5,"column":16},"end":{"line":5,"column":34}},"5":{"start":{"line":6,"column":15},"end":{"line":6,"column":31}},"6":{"start":{"line":8,"column":0},"end":{"line":11,"column":3}},"7":{"start":{"line":9,"column":18},"end":{"line":9,"column":54}},"8":{"start":{"line":10,"column":2},"end":{"line":10,"column":20}},"9":{"start":{"line":13,"column":0},"end":{"line":44,"column":3}},"10":{"start":{"line":14,"column":20},"end":{"line":14,"column":38}},"11":{"start":{"line":15,"column":2},"end":{"line":15,"column":67}},"12":{"start":{"line":15,"column":13},"end":{"line":15,"column":67}},"13":{"start":{"line":17,"column":19},"end":{"line":17,"column":63}},"14":{"start":{"line":18,"column":2},"end":{"line":18,"column":66}},"15":{"start":{"line":18,"column":17},"end":{"line":18,"column":66}},"16":{"start":{"line":20,"column":16},"end":{"line":20,"column":54}},"17":{"start":{"line":21,"column":2},"end":{"line":21,"column":60}},"18":{"start":{"line":21,"column":14},"end":{"line":21,"column":60}},"19":{"start":{"line":23,"column":2},"end":{"line":24,"column":57}},"20":{"start":{"line":24,"column":4},"end":{"line":24,"column":57}},"21":{"start":{"line":26,"column":15},"end":{"line":38,"column":4}},"22":{"start":{"line":40,"column":2},"end":{"line":40,"column":31}},"23":{"start":{"line":42,"column":2},"end":{"line":42,"column":24}},"24":{"start":{"line":43,"column":2},"end":{"line":43,"column":15}},"25":{"start":{"line":46,"column":0},"end":{"line":53,"column":3}},"26":{"start":{"line":47,"column":17},"end":{"line":47,"column":53}},"27":{"start":{"line":49,"column":2},"end":{"line":50,"column":79}},"28":{"start":{"line":50,"column":4},"end":{"line":50,"column":79}},"29":{"start":{"line":52,"column":2},"end":{"line":52,"column":19}},"30":{"start":{"line":55,"column":0},"end":{"line":55,"column":24}}},"fnMap":{"0":{"name":"(anonymous_0)","decl":{"start":{"line":8,"column":16},"end":{"line":8,"column":17}},"loc":{"start":{"line":8,"column":36},"end":{"line":11,"column":1}},"line":8},"1":{"name":"(anonymous_1)","decl":{"start":{"line":13,"column":17},"end":{"line":13,"column":18}},"loc":{"start":{"line":13,"column":37},"end":{"line":44,"column":1}},"line":13},"2":{"name":"(anonymous_2)","decl":{"start":{"line":46,"column":16},"end":{"line":46,"column":17}},"loc":{"start":{"line":46,"column":36},"end":{"line":53,"column":1}},"line":46}},"branchMap":{"0":{"loc":{"start":{"line":15,"column":2},"end":{"line":15,"column":67}},"type":"if","locations":[{"start":{"line":15,"column":2},"end":{"line":15,"column":67}},{"start":{},"end":{}}],"line":15},"1":{"loc":{"start":{"line":18,"column":2},"end":{"line":18,"column":66}},"type":"if","locations":[{"start":{"line":18,"column":2},"end":{"line":18,"column":66}},{"start":{},"end":{}}],"line":18},"2":{"loc":{"start":{"line":21,"column":2},"end":{"line":21,"column":60}},"type":"if","locations":[{"start":{"line":21,"column":2},"end":{"line":21,"column":60}},{"start":{},"end":{}}],"line":21},"3":{"loc":{"start":{"line":23,"column":2},"end":{"line":24,"column":57}},"type":"if","locations":[{"start":{"line":23,"column":2},"end":{"line":24,"column":57}},{"start":{},"end":{}}],"line":23},"4":{"loc":{"start":{"line":49,"column":2},"end":{"line":50,"column":79}},"type":"if","locations":[{"start":{"line":49,"column":2},"end":{"line":50,"column":79}},{"start":{},"end":{}}],"line":49}},"s":{"0":3,"1":3,"2":3,"3":3,"4":3,"5":3,"6":3,"7":0,"8":0,"9":3,"10":0,"11":0,"12":0,"13":0,"14":0,"15":0,"16":0,"17":0,"18":0,"19":0,"20":0,"21":0,"22":0,"23":0,"24":0,"25":3,"26":0,"27":0,"28":0,"29":0,"30":3},"f":{"0":0,"1":0,"2":0},"b":{"0":[0,0],"1":[0,0],"2":[0,0],"3":[0,0],"4":[0,0]},"_coverageSchema":"1a1c01bbd47fc00a2c39e90264f33305004495a9","hash":"acb0b1af6b135e7ee5dfaf877e71544374cd8e5e"}
,"/Users/shitalrayamajhi/Documents/JavaScript-Shital/Projects/Vidly-project/vidly-backend/routes/returns.js": {"path":"/Users/shitalrayamajhi/Documents/JavaScript-Shital/Projects/Vidly-project/vidly-backend/routes/returns.js","statementMap":{"0":{"start":{"line":1,"column":17},"end":{"line":1,"column":50}},"1":{"start":{"line":2,"column":19},"end":{"line":2,"column":46}},"2":{"start":{"line":3,"column":18},"end":{"line":3,"column":44}},"3":{"start":{"line":4,"column":13},"end":{"line":4,"column":42}},"4":{"start":{"line":5,"column":16},"end":{"line":5,"column":34}},"5":{"start":{"line":6,"column":12},"end":{"line":6,"column":26}},"6":{"start":{"line":7,"column":15},"end":{"line":7,"column":31}},"7":{"start":{"line":9,"column":0},"end":{"line":28,"column":3}},"8":{"start":{"line":10,"column":17},"end":{"line":10,"column":75}},"9":{"start":{"line":12,"column":2},"end":{"line":12,"column":64}},"10":{"start":{"line":12,"column":15},"end":{"line":12,"column":64}},"11":{"start":{"line":14,"column":2},"end":{"line":15,"column":61}},"12":{"start":{"line":15,"column":4},"end":{"line":15,"column":61}},"13":{"start":{"line":17,"column":2},"end":{"line":17,"column":18}},"14":{"start":{"line":18,"column":2},"end":{"line":18,"column":22}},"15":{"start":{"line":20,"column":2},"end":{"line":25,"column":4}},"16":{"start":{"line":27,"column":2},"end":{"line":27,"column":26}},"17":{"start":{"line":31,"column":17},"end":{"line":34,"column":4}},"18":{"start":{"line":36,"column":2},"end":{"line":36,"column":30}},"19":{"start":{"line":39,"column":0},"end":{"line":39,"column":24}}},"fnMap":{"0":{"name":"(anonymous_0)","decl":{"start":{"line":9,"column":51},"end":{"line":9,"column":52}},"loc":{"start":{"line":9,"column":71},"end":{"line":28,"column":1}},"line":9},"1":{"name":"validateReturn","decl":{"start":{"line":30,"column":9},"end":{"line":30,"column":23}},"loc":{"start":{"line":30,"column":29},"end":{"line":37,"column":1}},"line":30}},"branchMap":{"0":{"loc":{"start":{"line":12,"column":2},"end":{"line":12,"column":64}},"type":"if","locations":[{"start":{"line":12,"column":2},"end":{"line":12,"column":64}},{"start":{},"end":{}}],"line":12},"1":{"loc":{"start":{"line":14,"column":2},"end":{"line":15,"column":61}},"type":"if","locations":[{"start":{"line":14,"column":2},"end":{"line":15,"column":61}},{"start":{},"end":{}}],"line":14}},"s":{"0":3,"1":3,"2":3,"3":3,"4":3,"5":3,"6":3,"7":3,"8":0,"9":0,"10":0,"11":0,"12":0,"13":0,"14":0,"15":0,"16":0,"17":0,"18":0,"19":3},"f":{"0":0,"1":0},"b":{"0":[0,0],"1":[0,0]},"_coverageSchema":"1a1c01bbd47fc00a2c39e90264f33305004495a9","hash":"f4b38f933edf3f59de79e99f6092476dc3772e62"}
,"/Users/shitalrayamajhi/Documents/JavaScript-Shital/Projects/Vidly-project/vidly-backend/routes/users.js": {"path":"/Users/shitalrayamajhi/Documents/JavaScript-Shital/Projects/Vidly-project/vidly-backend/routes/users.js","statementMap":{"0":{"start":{"line":1,"column":13},"end":{"line":1,"column":42}},"1":{"start":{"line":2,"column":15},"end":{"line":2,"column":32}},"2":{"start":{"line":3,"column":12},"end":{"line":3,"column":35}},"3":{"start":{"line":4,"column":15},"end":{"line":4,"column":32}},"4":{"start":{"line":5,"column":10},"end":{"line":5,"column":27}},"5":{"start":{"line":6,"column":27},"end":{"line":6,"column":52}},"6":{"start":{"line":7,"column":17},"end":{"line":7,"column":36}},"7":{"start":{"line":8,"column":16},"end":{"line":8,"column":34}},"8":{"start":{"line":9,"column":15},"end":{"line":9,"column":31}},"9":{"start":{"line":11,"column":0},"end":{"line":14,"column":3}},"10":{"start":{"line":12,"column":15},"end":{"line":12,"column":68}},"11":{"start":{"line":13,"column":2},"end":{"line":13,"column":17}},"12":{"start":{"line":16,"column":0},"end":{"line":38,"column":3}},"13":{"start":{"line":17,"column":20},"end":{"line":17,"column":38}},"14":{"start":{"line":18,"column":2},"end":{"line":18,"column":67}},"15":{"start":{"line":18,"column":13},"end":{"line":18,"column":67}},"16":{"start":{"line":20,"column":13},"end":{"line":20,"column":58}},"17":{"start":{"line":21,"column":2},"end":{"line":21,"column":68}},"18":{"start":{"line":21,"column":12},"end":{"line":21,"column":68}},"19":{"start":{"line":24,"column":2},"end":{"line":24,"column":67}},"20":{"start":{"line":28,"column":15},"end":{"line":28,"column":39}},"21":{"start":{"line":29,"column":2},"end":{"line":29,"column":57}},"22":{"start":{"line":31,"column":2},"end":{"line":31,"column":20}},"23":{"start":{"line":34,"column":16},"end":{"line":34,"column":40}},"24":{"start":{"line":35,"column":2},"end":{"line":37,"column":50}},"25":{"start":{"line":40,"column":0},"end":{"line":40,"column":24}}},"fnMap":{"0":{"name":"(anonymous_0)","decl":{"start":{"line":11,"column":24},"end":{"line":11,"column":25}},"loc":{"start":{"line":11,"column":44},"end":{"line":14,"column":1}},"line":11},"1":{"name":"(anonymous_1)","decl":{"start":{"line":16,"column":17},"end":{"line":16,"column":18}},"loc":{"start":{"line":16,"column":37},"end":{"line":38,"column":1}},"line":16}},"branchMap":{"0":{"loc":{"start":{"line":18,"column":2},"end":{"line":18,"column":67}},"type":"if","locations":[{"start":{"line":18,"column":2},"end":{"line":18,"column":67}},{"start":{},"end":{}}],"line":18},"1":{"loc":{"start":{"line":21,"column":2},"end":{"line":21,"column":68}},"type":"if","locations":[{"start":{"line":21,"column":2},"end":{"line":21,"column":68}},{"start":{},"end":{}}],"line":21}},"s":{"0":3,"1":3,"2":3,"3":3,"4":3,"5":3,"6":3,"7":3,"8":3,"9":3,"10":0,"11":0,"12":3,"13":0,"14":0,"15":0,"16":0,"17":0,"18":0,"19":0,"20":0,"21":0,"22":0,"23":0,"24":0,"25":3},"f":{"0":0,"1":0},"b":{"0":[0,0],"1":[0,0]},"_coverageSchema":"1a1c01bbd47fc00a2c39e90264f33305004495a9","hash":"9f16366fa47456ff1f7d8d7376f02450df28e0ba"}
,"/Users/shitalrayamajhi/Documents/JavaScript-Shital/Projects/Vidly-project/vidly-backend/startup/config.js": {"path":"/Users/shitalrayamajhi/Documents/JavaScript-Shital/Projects/Vidly-project/vidly-backend/startup/config.js","statementMap":{"0":{"start":{"line":1,"column":15},"end":{"line":1,"column":32}},"1":{"start":{"line":3,"column":0},"end":{"line":7,"column":2}},"2":{"start":{"line":4,"column":2},"end":{"line":6,"column":3}},"3":{"start":{"line":5,"column":4},"end":{"line":5,"column":66}}},"fnMap":{"0":{"name":"(anonymous_0)","decl":{"start":{"line":3,"column":17},"end":{"line":3,"column":18}},"loc":{"start":{"line":3,"column":29},"end":{"line":7,"column":1}},"line":3}},"branchMap":{"0":{"loc":{"start":{"line":4,"column":2},"end":{"line":6,"column":3}},"type":"if","locations":[{"start":{"line":4,"column":2},"end":{"line":6,"column":3}},{"start":{},"end":{}}],"line":4}},"s":{"0":3,"1":3,"2":3,"3":0},"f":{"0":3},"b":{"0":[0,3]},"_coverageSchema":"1a1c01bbd47fc00a2c39e90264f33305004495a9","hash":"b12d7779d4a06d15eab4c469260199b87ed1f93b"}
,"/Users/shitalrayamajhi/Documents/JavaScript-Shital/Projects/Vidly-project/vidly-backend/startup/db.js": {"path":"/Users/shitalrayamajhi/Documents/JavaScript-Shital/Projects/Vidly-project/vidly-backend/startup/db.js","statementMap":{"0":{"start":{"line":1,"column":17},"end":{"line":1,"column":36}},"1":{"start":{"line":2,"column":16},"end":{"line":2,"column":34}},"2":{"start":{"line":3,"column":15},"end":{"line":3,"column":32}},"3":{"start":{"line":5,"column":0},"end":{"line":15,"column":2}},"4":{"start":{"line":6,"column":13},"end":{"line":6,"column":29}},"5":{"start":{"line":7,"column":2},"end":{"line":14,"column":54}},"6":{"start":{"line":14,"column":16},"end":{"line":14,"column":52}}},"fnMap":{"0":{"name":"(anonymous_0)","decl":{"start":{"line":5,"column":17},"end":{"line":5,"column":18}},"loc":{"start":{"line":5,"column":29},"end":{"line":15,"column":1}},"line":5},"1":{"name":"(anonymous_1)","decl":{"start":{"line":14,"column":10},"end":{"line":14,"column":11}},"loc":{"start":{"line":14,"column":16},"end":{"line":14,"column":52}},"line":14}},"branchMap":{},"s":{"0":3,"1":3,"2":3,"3":3,"4":3,"5":3,"6":3},"f":{"0":3,"1":3},"b":{},"_coverageSchema":"1a1c01bbd47fc00a2c39e90264f33305004495a9","hash":"a04a235ddbca5bbe306aaf66ab5e0193a083e3ec"}
,"/Users/shitalrayamajhi/Documents/JavaScript-Shital/Projects/Vidly-project/vidly-backend/startup/logging.js": {"path":"/Users/shitalrayamajhi/Documents/JavaScript-Shital/Projects/Vidly-project/vidly-backend/startup/logging.js","statementMap":{"0":{"start":{"line":1,"column":16},"end":{"line":1,"column":34}},"1":{"start":{"line":3,"column":0},"end":{"line":3,"column":32}},"2":{"start":{"line":5,"column":0},"end":{"line":24,"column":2}},"3":{"start":{"line":6,"column":2},"end":{"line":9,"column":4}},"4":{"start":{"line":11,"column":2},"end":{"line":13,"column":5}},"5":{"start":{"line":12,"column":4},"end":{"line":12,"column":13}},"6":{"start":{"line":15,"column":2},"end":{"line":15,"column":72}}},"fnMap":{"0":{"name":"(anonymous_0)","decl":{"start":{"line":5,"column":17},"end":{"line":5,"column":18}},"loc":{"start":{"line":5,"column":29},"end":{"line":24,"column":1}},"line":5},"1":{"name":"(anonymous_1)","decl":{"start":{"line":11,"column":35},"end":{"line":11,"column":36}},"loc":{"start":{"line":11,"column":43},"end":{"line":13,"column":3}},"line":11}},"branchMap":{},"s":{"0":3,"1":3,"2":3,"3":3,"4":3,"5":0,"6":3},"f":{"0":3,"1":0},"b":{},"_coverageSchema":"1a1c01bbd47fc00a2c39e90264f33305004495a9","hash":"58304b689518eb2cd92392d91293a183955b6f14"}
,"/Users/shitalrayamajhi/Documents/JavaScript-Shital/Projects/Vidly-project/vidly-backend/startup/routes.js": {"path":"/Users/shitalrayamajhi/Documents/JavaScript-Shital/Projects/Vidly-project/vidly-backend/startup/routes.js","statementMap":{"0":{"start":{"line":1,"column":16},"end":{"line":1,"column":34}},"1":{"start":{"line":2,"column":15},"end":{"line":2,"column":42}},"2":{"start":{"line":3,"column":18},"end":{"line":3,"column":48}},"3":{"start":{"line":4,"column":15},"end":{"line":4,"column":42}},"4":{"start":{"line":5,"column":16},"end":{"line":5,"column":44}},"5":{"start":{"line":6,"column":14},"end":{"line":6,"column":40}},"6":{"start":{"line":7,"column":13},"end":{"line":7,"column":38}},"7":{"start":{"line":8,"column":16},"end":{"line":8,"column":44}},"8":{"start":{"line":9,"column":14},"end":{"line":9,"column":44}},"9":{"start":{"line":11,"column":0},"end":{"line":21,"column":2}},"10":{"start":{"line":12,"column":2},"end":{"line":12,"column":26}},"11":{"start":{"line":13,"column":2},"end":{"line":13,"column":33}},"12":{"start":{"line":14,"column":2},"end":{"line":14,"column":39}},"13":{"start":{"line":15,"column":2},"end":{"line":15,"column":33}},"14":{"start":{"line":16,"column":2},"end":{"line":16,"column":35}},"15":{"start":{"line":17,"column":2},"end":{"line":17,"column":31}},"16":{"start":{"line":18,"column":2},"end":{"line":18,"column":29}},"17":{"start":{"line":19,"column":2},"end":{"line":19,"column":35}},"18":{"start":{"line":20,"column":2},"end":{"line":20,"column":17}}},"fnMap":{"0":{"name":"(anonymous_0)","decl":{"start":{"line":11,"column":17},"end":{"line":11,"column":18}},"loc":{"start":{"line":11,"column":32},"end":{"line":21,"column":1}},"line":11}},"branchMap":{},"s":{"0":3,"1":3,"2":3,"3":3,"4":3,"5":3,"6":3,"7":3,"8":3,"9":3,"10":3,"11":3,"12":3,"13":3,"14":3,"15":3,"16":3,"17":3,"18":3},"f":{"0":3},"b":{},"_coverageSchema":"1a1c01bbd47fc00a2c39e90264f33305004495a9","hash":"44b796283d71378f25d294efd1336546bbc34091"}
,"/Users/shitalrayamajhi/Documents/JavaScript-Shital/Projects/Vidly-project/vidly-backend/startup/validation.js": {"path":"/Users/shitalrayamajhi/Documents/JavaScript-Shital/Projects/Vidly-project/vidly-backend/startup/validation.js","statementMap":{"0":{"start":{"line":1,"column":12},"end":{"line":1,"column":26}},"1":{"start":{"line":4,"column":0},"end":{"line":7,"column":1}},"2":{"start":{"line":5,"column":4},"end":{"line":5,"column":48}}},"fnMap":{"0":{"name":"(anonymous_0)","decl":{"start":{"line":4,"column":17},"end":{"line":4,"column":18}},"loc":{"start":{"line":4,"column":29},"end":{"line":7,"column":1}},"line":4}},"branchMap":{},"s":{"0":3,"1":3,"2":3},"f":{"0":3},"b":{},"_coverageSchema":"1a1c01bbd47fc00a2c39e90264f33305004495a9","hash":"e7c28eb4bf45e556f5cc7635f5758a91a97e7811"}
}
